2020-07-26 11:52:08,958 INFO 8520 [egg-schedule]: register schedule C:\Users\Administrator\Desktop\second\server\node_modules\_egg-multipart@2.10.3@egg-multipart\app\schedule\clean_tmpdir.js
2020-07-26 11:52:08,958 INFO 8520 [egg-schedule]: register schedule C:\Users\Administrator\Desktop\second\server\node_modules\_egg-logrotator@3.1.0@egg-logrotator\app\schedule\clean_log.js
2020-07-26 11:52:08,958 INFO 8520 [egg-schedule]: register schedule C:\Users\Administrator\Desktop\second\server\node_modules\_egg-logrotator@3.1.0@egg-logrotator\app\schedule\rotate_by_file.js
2020-07-26 11:52:12,226 INFO 9152 [Timer] C:\Users\Administrator\Desktop\second\server\node_modules\_egg-multipart@2.10.3@egg-multipart\app\schedule\clean_tmpdir.js next time will execute after 59867777ms at 2020-07-27 04:30:00.003
2020-07-26 11:52:12,227 INFO 9152 [Timer] C:\Users\Administrator\Desktop\second\server\node_modules\_egg-logrotator@3.1.0@egg-logrotator\app\schedule\clean_log.js next time will execute after 43667774ms at 2020-07-27 00:00:00.001
2020-07-26 11:52:12,227 INFO 9152 [Timer] C:\Users\Administrator\Desktop\second\server\node_modules\_egg-logrotator@3.1.0@egg-logrotator\app\schedule\rotate_by_file.js next time will execute after 43668773ms at 2020-07-27 00:00:01.000
2020-07-27 08:28:09,041 INFO 7916 [egg-schedule]: register schedule C:\Users\Administrator\Desktop\second\server\node_modules\_egg-multipart@2.10.3@egg-multipart\app\schedule\clean_tmpdir.js
2020-07-27 08:28:09,041 INFO 7916 [egg-schedule]: register schedule C:\Users\Administrator\Desktop\second\server\node_modules\_egg-logrotator@3.1.0@egg-logrotator\app\schedule\clean_log.js
2020-07-27 08:28:09,041 INFO 7916 [egg-schedule]: register schedule C:\Users\Administrator\Desktop\second\server\node_modules\_egg-logrotator@3.1.0@egg-logrotator\app\schedule\rotate_by_file.js
2020-07-27 08:28:11,039 INFO 8436 [Timer] C:\Users\Administrator\Desktop\second\server\node_modules\_egg-multipart@2.10.3@egg-multipart\app\schedule\clean_tmpdir.js next time will execute after 72108964ms at 2020-07-28 04:30:00.003
2020-07-27 08:28:11,040 INFO 8436 [Timer] C:\Users\Administrator\Desktop\second\server\node_modules\_egg-logrotator@3.1.0@egg-logrotator\app\schedule\clean_log.js next time will execute after 55908961ms at 2020-07-28 00:00:00.001
2020-07-27 08:28:11,040 INFO 8436 [Timer] C:\Users\Administrator\Desktop\second\server\node_modules\_egg-logrotator@3.1.0@egg-logrotator\app\schedule\rotate_by_file.js next time will execute after 55909960ms at 2020-07-28 00:00:01.000
2020-07-27 21:47:32,422 INFO 1300 [egg-schedule]: register schedule C:\Users\Administrator\Desktop\second\server\node_modules\_egg-multipart@2.10.3@egg-multipart\app\schedule\clean_tmpdir.js
2020-07-27 21:47:32,423 INFO 1300 [egg-schedule]: register schedule C:\Users\Administrator\Desktop\second\server\node_modules\_egg-logrotator@3.1.0@egg-logrotator\app\schedule\clean_log.js
2020-07-27 21:47:32,423 INFO 1300 [egg-schedule]: register schedule C:\Users\Administrator\Desktop\second\server\node_modules\_egg-logrotator@3.1.0@egg-logrotator\app\schedule\rotate_by_file.js
2020-07-27 21:47:35,079 INFO 7428 [Timer] C:\Users\Administrator\Desktop\second\server\node_modules\_egg-multipart@2.10.3@egg-multipart\app\schedule\clean_tmpdir.js next time will execute after 24144924ms at 2020-07-28 04:30:00.003
2020-07-27 21:47:35,079 INFO 7428 [Timer] C:\Users\Administrator\Desktop\second\server\node_modules\_egg-logrotator@3.1.0@egg-logrotator\app\schedule\clean_log.js next time will execute after 7944921ms at 2020-07-28 00:00:00.000
2020-07-27 21:47:35,079 INFO 7428 [Timer] C:\Users\Administrator\Desktop\second\server\node_modules\_egg-logrotator@3.1.0@egg-logrotator\app\schedule\rotate_by_file.js next time will execute after 7945921ms at 2020-07-28 00:00:01.000
2020-07-28 08:30:20,748 INFO 3012 [egg-schedule]: register schedule C:\Users\Administrator\Desktop\second\server\node_modules\_egg-multipart@2.10.3@egg-multipart\app\schedule\clean_tmpdir.js
2020-07-28 08:30:20,748 INFO 3012 [egg-schedule]: register schedule C:\Users\Administrator\Desktop\second\server\node_modules\_egg-logrotator@3.1.0@egg-logrotator\app\schedule\clean_log.js
2020-07-28 08:30:20,748 INFO 3012 [egg-schedule]: register schedule C:\Users\Administrator\Desktop\second\server\node_modules\_egg-logrotator@3.1.0@egg-logrotator\app\schedule\rotate_by_file.js
2020-07-28 08:30:23,193 INFO 7236 [Timer] C:\Users\Administrator\Desktop\second\server\node_modules\_egg-multipart@2.10.3@egg-multipart\app\schedule\clean_tmpdir.js next time will execute after 71976810ms at 2020-07-29 04:30:00.003
2020-07-28 08:30:23,194 INFO 7236 [Timer] C:\Users\Administrator\Desktop\second\server\node_modules\_egg-logrotator@3.1.0@egg-logrotator\app\schedule\clean_log.js next time will execute after 55776807ms at 2020-07-29 00:00:00.001
2020-07-28 08:30:23,194 INFO 7236 [Timer] C:\Users\Administrator\Desktop\second\server\node_modules\_egg-logrotator@3.1.0@egg-logrotator\app\schedule\rotate_by_file.js next time will execute after 55777806ms at 2020-07-29 00:00:01.000
2020-07-29 08:30:17,579 INFO 3560 [egg-schedule]: register schedule C:\Users\Administrator\Desktop\second\server\node_modules\_egg-multipart@2.10.3@egg-multipart\app\schedule\clean_tmpdir.js
2020-07-29 08:30:17,579 INFO 3560 [egg-schedule]: register schedule C:\Users\Administrator\Desktop\second\server\node_modules\_egg-logrotator@3.1.0@egg-logrotator\app\schedule\clean_log.js
2020-07-29 08:30:17,579 INFO 3560 [egg-schedule]: register schedule C:\Users\Administrator\Desktop\second\server\node_modules\_egg-logrotator@3.1.0@egg-logrotator\app\schedule\rotate_by_file.js
2020-07-29 08:30:19,902 INFO 8988 [Timer] C:\Users\Administrator\Desktop\second\server\node_modules\_egg-multipart@2.10.3@egg-multipart\app\schedule\clean_tmpdir.js next time will execute after 71980101ms at 2020-07-30 04:30:00.003
2020-07-29 08:30:19,903 INFO 8988 [Timer] C:\Users\Administrator\Desktop\second\server\node_modules\_egg-logrotator@3.1.0@egg-logrotator\app\schedule\clean_log.js next time will execute after 55780098ms at 2020-07-30 00:00:00.001
2020-07-29 08:30:19,903 INFO 8988 [Timer] C:\Users\Administrator\Desktop\second\server\node_modules\_egg-logrotator@3.1.0@egg-logrotator\app\schedule\rotate_by_file.js next time will execute after 55781097ms at 2020-07-30 00:00:01.000
2020-07-30 08:27:29,242 INFO 7932 [egg-schedule]: register schedule C:\Users\Administrator\Desktop\second\server\node_modules\_egg-multipart@2.10.3@egg-multipart\app\schedule\clean_tmpdir.js
2020-07-30 08:27:29,242 INFO 7932 [egg-schedule]: register schedule C:\Users\Administrator\Desktop\second\server\node_modules\_egg-logrotator@3.1.0@egg-logrotator\app\schedule\clean_log.js
2020-07-30 08:27:29,242 INFO 7932 [egg-schedule]: register schedule C:\Users\Administrator\Desktop\second\server\node_modules\_egg-logrotator@3.1.0@egg-logrotator\app\schedule\rotate_by_file.js
2020-07-30 08:27:31,076 INFO 7508 [Timer] C:\Users\Administrator\Desktop\second\server\node_modules\_egg-multipart@2.10.3@egg-multipart\app\schedule\clean_tmpdir.js next time will execute after 72148927ms at 2020-07-31 04:30:00.003
2020-07-30 08:27:31,077 INFO 7508 [Timer] C:\Users\Administrator\Desktop\second\server\node_modules\_egg-logrotator@3.1.0@egg-logrotator\app\schedule\clean_log.js next time will execute after 55948924ms at 2020-07-31 00:00:00.001
2020-07-30 08:27:31,077 INFO 7508 [Timer] C:\Users\Administrator\Desktop\second\server\node_modules\_egg-logrotator@3.1.0@egg-logrotator\app\schedule\rotate_by_file.js next time will execute after 55949923ms at 2020-07-31 00:00:01.000
2020-07-30 11:06:15,239 INFO 10352 [egg-schedule]: register schedule C:\Users\Administrator\Desktop\second\server\node_modules\_egg-multipart@2.10.3@egg-multipart\app\schedule\clean_tmpdir.js
2020-07-30 11:06:15,239 INFO 10352 [egg-schedule]: register schedule C:\Users\Administrator\Desktop\second\server\node_modules\_egg-logrotator@3.1.0@egg-logrotator\app\schedule\clean_log.js
2020-07-30 11:06:15,239 INFO 10352 [egg-schedule]: register schedule C:\Users\Administrator\Desktop\second\server\node_modules\_egg-logrotator@3.1.0@egg-logrotator\app\schedule\rotate_by_file.js
2020-07-30 11:06:17,346 INFO 10644 [Timer] C:\Users\Administrator\Desktop\second\server\node_modules\_egg-multipart@2.10.3@egg-multipart\app\schedule\clean_tmpdir.js next time will execute after 62622658ms at 2020-07-31 04:30:00.004
2020-07-30 11:06:17,346 INFO 10644 [Timer] C:\Users\Administrator\Desktop\second\server\node_modules\_egg-logrotator@3.1.0@egg-logrotator\app\schedule\clean_log.js next time will execute after 46422654ms at 2020-07-31 00:00:00.000
2020-07-30 11:06:17,347 INFO 10644 [Timer] C:\Users\Administrator\Desktop\second\server\node_modules\_egg-logrotator@3.1.0@egg-logrotator\app\schedule\rotate_by_file.js next time will execute after 46423654ms at 2020-07-31 00:00:01.001
2020-07-30 20:25:56,929 INFO 5892 [egg-schedule]: register schedule C:\Users\Administrator\Desktop\second\server\node_modules\_egg-multipart@2.10.3@egg-multipart\app\schedule\clean_tmpdir.js
2020-07-30 20:25:56,929 INFO 5892 [egg-schedule]: register schedule C:\Users\Administrator\Desktop\second\server\node_modules\_egg-logrotator@3.1.0@egg-logrotator\app\schedule\clean_log.js
2020-07-30 20:25:56,929 INFO 5892 [egg-schedule]: register schedule C:\Users\Administrator\Desktop\second\server\node_modules\_egg-logrotator@3.1.0@egg-logrotator\app\schedule\rotate_by_file.js
2020-07-30 20:25:58,785 INFO 9184 [Timer] C:\Users\Administrator\Desktop\second\server\node_modules\_egg-multipart@2.10.3@egg-multipart\app\schedule\clean_tmpdir.js next time will execute after 29041218ms at 2020-07-31 04:30:00.003
2020-07-30 20:25:58,786 INFO 9184 [Timer] C:\Users\Administrator\Desktop\second\server\node_modules\_egg-logrotator@3.1.0@egg-logrotator\app\schedule\clean_log.js next time will execute after 12841215ms at 2020-07-31 00:00:00.001
2020-07-30 20:25:58,786 INFO 9184 [Timer] C:\Users\Administrator\Desktop\second\server\node_modules\_egg-logrotator@3.1.0@egg-logrotator\app\schedule\rotate_by_file.js next time will execute after 12842214ms at 2020-07-31 00:00:01.000
2020-07-31 08:30:18,851 INFO 7412 [egg-schedule]: register schedule C:\Users\Administrator\Desktop\second\server\node_modules\_egg-multipart@2.10.3@egg-multipart\app\schedule\clean_tmpdir.js
2020-07-31 08:30:18,851 INFO 7412 [egg-schedule]: register schedule C:\Users\Administrator\Desktop\second\server\node_modules\_egg-logrotator@3.1.0@egg-logrotator\app\schedule\clean_log.js
2020-07-31 08:30:18,851 INFO 7412 [egg-schedule]: register schedule C:\Users\Administrator\Desktop\second\server\node_modules\_egg-logrotator@3.1.0@egg-logrotator\app\schedule\rotate_by_file.js
2020-07-31 08:30:21,012 INFO 7276 [Timer] C:\Users\Administrator\Desktop\second\server\node_modules\_egg-multipart@2.10.3@egg-multipart\app\schedule\clean_tmpdir.js next time will execute after 71978992ms at 2020-08-01 04:30:00.004
2020-07-31 08:30:21,012 INFO 7276 [Timer] C:\Users\Administrator\Desktop\second\server\node_modules\_egg-logrotator@3.1.0@egg-logrotator\app\schedule\clean_log.js next time will execute after 55778988ms at 2020-08-01 00:00:00.000
2020-07-31 08:30:21,013 INFO 7276 [Timer] C:\Users\Administrator\Desktop\second\server\node_modules\_egg-logrotator@3.1.0@egg-logrotator\app\schedule\rotate_by_file.js next time will execute after 55779988ms at 2020-08-01 00:00:01.001
2020-07-31 16:43:23,530 INFO 8764 [egg-schedule]: register schedule C:\Users\Administrator\Desktop\second\server\node_modules\_egg-multipart@2.10.3@egg-multipart\app\schedule\clean_tmpdir.js
2020-07-31 16:43:23,530 INFO 8764 [egg-schedule]: register schedule C:\Users\Administrator\Desktop\second\server\node_modules\_egg-logrotator@3.1.0@egg-logrotator\app\schedule\clean_log.js
2020-07-31 16:43:23,530 INFO 8764 [egg-schedule]: register schedule C:\Users\Administrator\Desktop\second\server\node_modules\_egg-logrotator@3.1.0@egg-logrotator\app\schedule\rotate_by_file.js
2020-07-31 16:43:25,377 INFO 4712 [Timer] C:\Users\Administrator\Desktop\second\server\node_modules\_egg-multipart@2.10.3@egg-multipart\app\schedule\clean_tmpdir.js next time will execute after 42394626ms at 2020-08-01 04:30:00.003
2020-07-31 16:43:25,378 INFO 4712 [Timer] C:\Users\Administrator\Desktop\second\server\node_modules\_egg-logrotator@3.1.0@egg-logrotator\app\schedule\clean_log.js next time will execute after 26194622ms at 2020-08-01 00:00:00.000
2020-07-31 16:43:25,378 INFO 4712 [Timer] C:\Users\Administrator\Desktop\second\server\node_modules\_egg-logrotator@3.1.0@egg-logrotator\app\schedule\rotate_by_file.js next time will execute after 26195622ms at 2020-08-01 00:00:01.000
2020-08-03 08:32:08,199 INFO 8360 [egg-schedule]: register schedule C:\Users\Administrator\Desktop\second\server\node_modules\_egg-multipart@2.10.3@egg-multipart\app\schedule\clean_tmpdir.js
2020-08-03 08:32:08,199 INFO 8360 [egg-schedule]: register schedule C:\Users\Administrator\Desktop\second\server\node_modules\_egg-logrotator@3.1.0@egg-logrotator\app\schedule\clean_log.js
2020-08-03 08:32:08,199 INFO 8360 [egg-schedule]: register schedule C:\Users\Administrator\Desktop\second\server\node_modules\_egg-logrotator@3.1.0@egg-logrotator\app\schedule\rotate_by_file.js
2020-08-03 08:32:10,420 INFO 8680 [Timer] C:\Users\Administrator\Desktop\second\server\node_modules\_egg-multipart@2.10.3@egg-multipart\app\schedule\clean_tmpdir.js next time will execute after 71869583ms at 2020-08-04 04:30:00.003
2020-08-03 08:32:10,421 INFO 8680 [Timer] C:\Users\Administrator\Desktop\second\server\node_modules\_egg-logrotator@3.1.0@egg-logrotator\app\schedule\clean_log.js next time will execute after 55669580ms at 2020-08-04 00:00:00.001
2020-08-03 08:32:10,421 INFO 8680 [Timer] C:\Users\Administrator\Desktop\second\server\node_modules\_egg-logrotator@3.1.0@egg-logrotator\app\schedule\rotate_by_file.js next time will execute after 55670579ms at 2020-08-04 00:00:01.000
2020-08-03 17:57:52,447 INFO 9048 [egg-schedule]: register schedule C:\Users\Administrator\Desktop\second\server\node_modules\_egg-multipart@2.10.3@egg-multipart\app\schedule\clean_tmpdir.js
2020-08-03 17:57:52,447 INFO 9048 [egg-schedule]: register schedule C:\Users\Administrator\Desktop\second\server\node_modules\_egg-logrotator@3.1.0@egg-logrotator\app\schedule\clean_log.js
2020-08-03 17:57:52,447 INFO 9048 [egg-schedule]: register schedule C:\Users\Administrator\Desktop\second\server\node_modules\_egg-logrotator@3.1.0@egg-logrotator\app\schedule\rotate_by_file.js
2020-08-03 17:57:57,071 INFO 3792 [Timer] C:\Users\Administrator\Desktop\second\server\node_modules\_egg-multipart@2.10.3@egg-multipart\app\schedule\clean_tmpdir.js next time will execute after 37922932ms at 2020-08-04 04:30:00.003
2020-08-03 17:57:57,072 INFO 3792 [Timer] C:\Users\Administrator\Desktop\second\server\node_modules\_egg-logrotator@3.1.0@egg-logrotator\app\schedule\clean_log.js next time will execute after 21722928ms at 2020-08-04 00:00:00.000
2020-08-03 17:57:57,072 INFO 3792 [Timer] C:\Users\Administrator\Desktop\second\server\node_modules\_egg-logrotator@3.1.0@egg-logrotator\app\schedule\rotate_by_file.js next time will execute after 21723928ms at 2020-08-04 00:00:01.000
2020-08-26 09:24:16,906 INFO 7408 [egg-schedule]: register schedule C:\Users\Administrator\Desktop\项目\second\server\node_modules\_egg-multipart@2.10.3@egg-multipart\app\schedule\clean_tmpdir.js
2020-08-26 09:24:16,906 INFO 7408 [egg-schedule]: register schedule C:\Users\Administrator\Desktop\项目\second\server\node_modules\_egg-logrotator@3.1.0@egg-logrotator\app\schedule\clean_log.js
2020-08-26 09:24:16,906 INFO 7408 [egg-schedule]: register schedule C:\Users\Administrator\Desktop\项目\second\server\node_modules\_egg-logrotator@3.1.0@egg-logrotator\app\schedule\rotate_by_file.js
2020-08-26 09:24:17,948 INFO 4228 [Timer] C:\Users\Administrator\Desktop\项目\second\server\node_modules\_egg-multipart@2.10.3@egg-multipart\app\schedule\clean_tmpdir.js next time will execute after 68742055ms at 2020-08-27 04:30:00.003
2020-08-26 09:24:17,948 INFO 4228 [Timer] C:\Users\Administrator\Desktop\项目\second\server\node_modules\_egg-logrotator@3.1.0@egg-logrotator\app\schedule\clean_log.js next time will execute after 52542052ms at 2020-08-27 00:00:00.000
2020-08-26 09:24:17,949 INFO 4228 [Timer] C:\Users\Administrator\Desktop\项目\second\server\node_modules\_egg-logrotator@3.1.0@egg-logrotator\app\schedule\rotate_by_file.js next time will execute after 52543052ms at 2020-08-27 00:00:01.001
2020-08-26 11:31:34,484 INFO 9404 [egg-schedule]: register schedule C:\Users\Administrator\Desktop\项目\second\server\node_modules\_egg-multipart@2.10.3@egg-multipart\app\schedule\clean_tmpdir.js
2020-08-26 11:31:34,484 INFO 9404 [egg-schedule]: register schedule C:\Users\Administrator\Desktop\项目\second\server\node_modules\_egg-logrotator@3.1.0@egg-logrotator\app\schedule\clean_log.js
2020-08-26 11:31:34,484 INFO 9404 [egg-schedule]: register schedule C:\Users\Administrator\Desktop\项目\second\server\node_modules\_egg-logrotator@3.1.0@egg-logrotator\app\schedule\rotate_by_file.js
2020-08-26 11:31:36,895 INFO 9936 [Timer] C:\Users\Administrator\Desktop\项目\second\server\node_modules\_egg-multipart@2.10.3@egg-multipart\app\schedule\clean_tmpdir.js next time will execute after 61103109ms at 2020-08-27 04:30:00.004
2020-08-26 11:31:36,895 INFO 9936 [Timer] C:\Users\Administrator\Desktop\项目\second\server\node_modules\_egg-logrotator@3.1.0@egg-logrotator\app\schedule\clean_log.js next time will execute after 44903105ms at 2020-08-27 00:00:00.000
2020-08-26 11:31:36,896 INFO 9936 [Timer] C:\Users\Administrator\Desktop\项目\second\server\node_modules\_egg-logrotator@3.1.0@egg-logrotator\app\schedule\rotate_by_file.js next time will execute after 44904105ms at 2020-08-27 00:00:01.001
2020-08-26 14:43:43,203 INFO 10892 [egg-schedule]: register schedule C:\Users\Administrator\Desktop\项目\second\server\node_modules\_egg-multipart@2.10.3@egg-multipart\app\schedule\clean_tmpdir.js
2020-08-26 14:43:43,203 INFO 10892 [egg-schedule]: register schedule C:\Users\Administrator\Desktop\项目\second\server\node_modules\_egg-logrotator@3.1.0@egg-logrotator\app\schedule\clean_log.js
2020-08-26 14:43:43,203 INFO 10892 [egg-schedule]: register schedule C:\Users\Administrator\Desktop\项目\second\server\node_modules\_egg-logrotator@3.1.0@egg-logrotator\app\schedule\rotate_by_file.js
2020-08-26 14:43:44,505 INFO 11452 [Timer] C:\Users\Administrator\Desktop\项目\second\server\node_modules\_egg-multipart@2.10.3@egg-multipart\app\schedule\clean_tmpdir.js next time will execute after 49575499ms at 2020-08-27 04:30:00.004
2020-08-26 14:43:44,505 INFO 11452 [Timer] C:\Users\Administrator\Desktop\项目\second\server\node_modules\_egg-logrotator@3.1.0@egg-logrotator\app\schedule\clean_log.js next time will execute after 33375495ms at 2020-08-27 00:00:00.000
2020-08-26 14:43:44,506 INFO 11452 [Timer] C:\Users\Administrator\Desktop\项目\second\server\node_modules\_egg-logrotator@3.1.0@egg-logrotator\app\schedule\rotate_by_file.js next time will execute after 33376494ms at 2020-08-27 00:00:01.000
2020-08-26 21:54:57,210 INFO 10452 [egg-schedule]: register schedule C:\Users\Administrator\Desktop\项目\second\server\node_modules\_egg-multipart@2.10.3@egg-multipart\app\schedule\clean_tmpdir.js
2020-08-26 21:54:57,210 INFO 10452 [egg-schedule]: register schedule C:\Users\Administrator\Desktop\项目\second\server\node_modules\_egg-logrotator@3.1.0@egg-logrotator\app\schedule\clean_log.js
2020-08-26 21:54:57,210 INFO 10452 [egg-schedule]: register schedule C:\Users\Administrator\Desktop\项目\second\server\node_modules\_egg-logrotator@3.1.0@egg-logrotator\app\schedule\rotate_by_file.js
2020-08-26 21:55:00,197 INFO 10356 [Timer] C:\Users\Administrator\Desktop\项目\second\server\node_modules\_egg-multipart@2.10.3@egg-multipart\app\schedule\clean_tmpdir.js next time will execute after 23699806ms at 2020-08-27 04:30:00.003
2020-08-26 21:55:00,197 INFO 10356 [Timer] C:\Users\Administrator\Desktop\项目\second\server\node_modules\_egg-logrotator@3.1.0@egg-logrotator\app\schedule\clean_log.js next time will execute after 7499803ms at 2020-08-27 00:00:00.000
2020-08-26 21:55:00,198 INFO 10356 [Timer] C:\Users\Administrator\Desktop\项目\second\server\node_modules\_egg-logrotator@3.1.0@egg-logrotator\app\schedule\rotate_by_file.js next time will execute after 7500802ms at 2020-08-27 00:00:01.000
